[flex-home.botble.com/index.html]
[backblue.gif]
[fade.gif]
[index.html]
[flex-home.botble.com/storage/logo/favicon.png]
[flex-home.botble.com/vendor/core/plugins/language/css/language-public.css]
[flex-home.botble.com/themes/flex-home/libraries/bootstrap/bootstrap.min.v4.css]
[flex-home.botble.com/themes/flex-home/libraries/fontawesome/css/all.min.css]
[flex-home.botble.com/themes/flex-home/libraries/owl-carousel/owl.carousel.min.css]
[flex-home.botble.com/themes/flex-home/css/style.css]
[flex-home.botble.com/themes/flex-home/libraries/jquery.min.js]
[flex-home.botble.com/themes/flex-home/libraries/bootstrap/popper.min.js]
[flex-home.botble.com/themes/flex-home/libraries/bootstrap/bootstrap.min.js]
[flex-home.botble.com/themes/flex-home/libraries/owl-carousel/owl.carousel.min.js]
[flex-home.botble.com/vendor/core/images/flags/us.svg]
[flex-home.botble.com/vi/index.html]
[flex-home.botble.com/ar/index.html]
[flex-home.botble.com/vi.html]
[flex-home.botble.com/ar.html]
[flex-home.botble.com/vendor/core/images/flags/sa.svg]
[flex-home.botble.com/login.html]
[flex-home.botble.com/register.html]
[flex-home.botble.com/storage/logo/logo.png]
[flex-home.botble.com/projects.html]
[flex-home.botble.com/properties.html]
[flex-home.botble.com/news.html]
[flex-home.botble.com/careers.html]
[flex-home.botble.com/contact.html]
[flex-home.botble.com/storage/banner/banner.jpg]
[flex-home.botble.com/themes/flex-home/images/search_icon.png]
[flex-home.botble.com/storage/projects/1-410x270.jpg]
[flex-home.botble.com/projects/walnut-park-apartment.html]
[flex-home.botble.com/storage/projects/21-410x270.jpg]
[flex-home.botble.com/projects/osaka-heights.html]
[flex-home.botble.com/storage/projects/13-410x270.jpg]
[flex-home.botble.com/projects/mimaroba-paradise.html]
[flex-home.botble.com/storage/properties/a5-1-410x270.jpg]
[flex-home.botble.com/projects/aegean-villas.html]
[flex-home.botble.com/projects/city/alhambra.html]
[flex-home.botble.com/storage/cities/los-angeles-winter-2016-410x270.jpg]
[flex-home.botble.com/projects/city/oakland.html]
[flex-home.botble.com/storage/cities/oaklandnightskylineandlakemerritt-410x270.jpg]
[flex-home.botble.com/projects/city/bakersfield.html]
[flex-home.botble.com/storage/cities/2009-0726-ca-bakersfield-truxtontower-410x270.jpg]
[flex-home.botble.com/projects/city/anaheim.html]
[flex-home.botble.com/storage/cities/castillo-de-disneyland-410x270.jpg]
[flex-home.botble.com/projects/city/san-francisco.html]
[flex-home.botble.com/storage/cities/goldengatebridge-001-410x270.jpg]
[flex-home.botble.com/themes/flex-home/images/aleft.png]
[flex-home.botble.com/themes/flex-home/images/aright.png]
[flex-home.botble.com/ajax/properties.json]
[flex-home.botble.com/ajax/posts.json]
[flex-home.botble.com/about-us.html]
[flex-home.botble.com/terms-conditions.html]
[flex-home.botble.com/properties1e1d.html]
[flex-home.botble.com/properties530f.html]
[flex-home.botble.com/building-materials.html]
[flex-home.botble.com/house-architecture.html]
[flex-home.botble.com/house-design.html]
[flex-home.botble.com/themes/flex-home/js/app.js]
[flex-home.botble.com/themes/flex-home/js/components.js]
[flex-home.botble.com/vendor/core/plugins/language/js/language-public.js]
[flex-home.botble.com/index.html]
[flex-home.botble.com/vendor/core/plugins/language/css/language-public.css]
[flex-home.botble.com/themes/flex-home/libraries/bootstrap/bootstrap.min.v4.css]
[flex-home.botble.com/themes/flex-home/libraries/fontawesome/webfonts/fa-brands-400.eot]
[flex-home.botble.com/themes/flex-home/libraries/fontawesome/webfonts/fa-brands-400d41d.eot]
[flex-home.botble.com/themes/flex-home/libraries/fontawesome/webfonts/fa-brands-400.woff2]
[flex-home.botble.com/themes/flex-home/libraries/fontawesome/webfonts/fa-brands-400.woff]
[flex-home.botble.com/themes/flex-home/libraries/fontawesome/webfonts/fa-brands-400.ttf]
[flex-home.botble.com/themes/flex-home/libraries/fontawesome/webfonts/fa-regular-400.eot]
[flex-home.botble.com/themes/flex-home/libraries/fontawesome/webfonts/fa-brands-400.svg]
[flex-home.botble.com/themes/flex-home/libraries/fontawesome/webfonts/fa-regular-400d41d.eot]
[flex-home.botble.com/themes/flex-home/libraries/fontawesome/webfonts/fa-regular-400.woff2]
[flex-home.botble.com/themes/flex-home/libraries/fontawesome/webfonts/fa-regular-400.woff]
[flex-home.botble.com/themes/flex-home/libraries/fontawesome/webfonts/fa-regular-400.ttf]
[flex-home.botble.com/themes/flex-home/libraries/fontawesome/webfonts/fa-regular-400.svg]
[flex-home.botble.com/themes/flex-home/libraries/fontawesome/webfonts/fa-solid-900.eot]
[flex-home.botble.com/themes/flex-home/libraries/fontawesome/webfonts/fa-solid-900d41d.eot]
[flex-home.botble.com/themes/flex-home/libraries/fontawesome/webfonts/fa-solid-900.woff2]
[flex-home.botble.com/themes/flex-home/libraries/fontawesome/webfonts/fa-solid-900.woff]
[flex-home.botble.com/themes/flex-home/libraries/fontawesome/webfonts/fa-solid-900.ttf]
[flex-home.botble.com/themes/flex-home/libraries/fontawesome/css/all.min.css]
[flex-home.botble.com/themes/flex-home/libraries/owl-carousel/owl.carousel.min.css]
[flex-home.botble.com/themes/flex-home/libraries/owl-carousel/owl.theme.default.css]
[flex-home.botble.com/themes/flex-home/images/member.png]
[flex-home.botble.com/themes/flex-home/libraries/fontawesome/webfonts/fa-solid-900.svg]
[flex-home.botble.com/themes/flex-home/images/customer.png]
[flex-home.botble.com/themes/flex-home/images/project.png]
[flex-home.botble.com/themes/flex-home/images/calendar.png]
[flex-home.botble.com/themes/flex-home/images/homebuy.png]
[flex-home.botble.com/themes/flex-home/images/banner-du-an.jpg]
[flex-home.botble.com/themes/flex-home/images/layout.png]
[flex-home.botble.com/themes/flex-home/images/banner-registry.jpg]
[flex-home.botble.com/themes/flex-home/images/iconlogo.png]
[flex-home.botble.com/themes/flex-home/css/style.css]
[flex-home.botble.com/en/index.html]
[flex-home.botble.com/vi/vi]
[flex-home.botble.com/ar/vi]
[flex-home.botble.com/vi/login.html]
[flex-home.botble.com/vi/projects.html]
[flex-home.botble.com/vi/properties.html]
[flex-home.botble.com/vi/tin-tuc.html]
[flex-home.botble.com/vi/careers.html]
[flex-home.botble.com/vi/contact.html]
[flex-home.botble.com/vi/projects/can-ho-walnut-park.html]
[flex-home.botble.com/vi/projects/1574328489.html]
[flex-home.botble.com/vi/projects/thien-duong-mimaroba.html]
[flex-home.botble.com/vi/projects/khu-biet-thu-aegean.html]
[flex-home.botble.com/vi/ajax/properties.json]
[flex-home.botble.com/vi/ajax/posts.json]
[flex-home.botble.com/vi/gioi-thieu.html]
[flex-home.botble.com/vi/dieu-khoan-va-quy-dinh.html]
[flex-home.botble.com/vi/properties1e1d.html]
[flex-home.botble.com/vi/properties530f.html]
[flex-home.botble.com/vi/kien-truc-nha.html]
[flex-home.botble.com/vi/thiet-ke-nha.html]
[flex-home.botble.com/vi/vat-lieu-xay-dung.html]
[flex-home.botble.com/vi/index.html]
[flex-home.botble.com/vi/ar]
[flex-home.botble.com/ar/ar]
[flex-home.botble.com/ar/login.html]
[flex-home.botble.com/ar/register.html]
[flex-home.botble.com/ar/projects.html]
[flex-home.botble.com/ar/properties.html]
[flex-home.botble.com/ar/ajax/properties.json]
[flex-home.botble.com/ar/ajax/posts.json]
[flex-home.botble.com/ar/index.html]
[flex-home.botble.com/vendor/core/images/flags/us.svg]
[flex-home.botble.com/vi.html]
[flex-home.botble.com/vendor/core/images/flags/vn.svg]
[flex-home.botble.com/ar.html]
[flex-home.botble.com/vendor/core/images/flags/sa.svg]
[cdnjs.cloudflare.com/ajax/libs/tempusdominus-bootstrap-4/5.0.0-alpha14/css/tempusdominus-bootstrap-4.min.css]
[flex-home.botble.com/vendor/core/libraries/bootstrap/css/bootstrap.min.css]
[flex-home.botble.com/vendor/core/libraries/font-awesome/css/fontawesome.min.css]
[flex-home.botble.com/vendor/core/libraries/simple-line-icons/css/simple-line-icons.css]
[flex-home.botble.com/vendor/core/libraries/select2/css/select2.min.css]
[flex-home.botble.com/vendor/core/libraries/select2/css/select2-bootstrap.min.css]
[flex-home.botble.com/vendor/core/libraries/toastr/toastr.min.css]
[flex-home.botble.com/vendor/core/libraries/mcustom-scrollbar/jquery.mCustomScrollbar.css]
[flex-home.botble.com/vendor/core/libraries/bootstrap-datepicker/css/bootstrap-datepicker3.min.css]
[flex-home.botble.com/vendor/core/libraries/spectrum/spectrum.css]
[flex-home.botble.com/vendor/core/libraries/fancybox/jquery.fancybox.min.css]
[flex-home.botble.com/vendor/core/css/core.css]
[flex-home.botble.com/vendor/core/js/app.js]
[flex-home.botble.com/vendor/core/css/themes/default.css]
[flex-home.botble.com/vendor/core/plugins/vendor/css/app.css]
[flex-home.botble.com/password/request.html]
[cdnjs.cloudflare.com/ajax/libs/moment.js/2.22.2/moment.min.js]
[flex-home.botble.com/vendor/core/plugins/vendor/js/app.js]
[cdnjs.cloudflare.com/ajax/libs/tempusdominus-bootstrap-4/5.0.0-alpha14/js/tempusdominus-bootstrap-4.min.js]
[flex-home.botble.com/vendor/core/libraries/respond.min.js]
[flex-home.botble.com/vendor/core/libraries/excanvas.min.js]
[flex-home.botble.com/vendor/core/libraries/ie8.fix.min.js]
[flex-home.botble.com/vendor/core/libraries/modernizr/modernizr.min.js]
[flex-home.botble.com/vendor/core/libraries/select2/js/select2.min.js]
[flex-home.botble.com/vendor/core/libraries/bootstrap-datepicker/js/bootstrap-datepicker.min.js]
[flex-home.botble.com/vendor/core/libraries/jquery-cookie/jquery.cookie.js]
[flex-home.botble.com/vendor/core/js/core.js]
[flex-home.botble.com/vendor/core/libraries/toastr/toastr.min.js]
[flex-home.botble.com/vendor/core/libraries/pace/pace.min.js]
[flex-home.botble.com/vendor/core/libraries/mcustom-scrollbar/jquery.mCustomScrollbar.js]
[flex-home.botble.com/vendor/core/libraries/stickytableheaders/jquery.stickytableheaders.js]
[flex-home.botble.com/vendor/core/libraries/jquery-waypoints/jquery.waypoints.min.js]
[flex-home.botble.com/vendor/core/libraries/spectrum/spectrum.js]
[flex-home.botble.com/vendor/core/libraries/fancybox/jquery.fancybox.min.js]
[flex-home.botble.com/vendor/core/plugins/language/js/language-global.js]
[flex-home.botble.com/vendor/core/packages/js-validation/js/js-validation.js]
[flex-home.botble.com/vendor/core/media/css/mediad5d5.css]
[flex-home.botble.com/login.html]
[flex-home.botble.com/vendor/core/media/js/integrated5d5.js]
[flex-home.botble.com/vendor/core/media/css/media9086.css]
[flex-home.botble.com/register.html]
[flex-home.botble.com/vendor/core/media/js/integrate9086.js]
[flex-home.botble.com/storage/properties/e1-410x270.jpg]
[flex-home.botble.com/projects/park.html]
[flex-home.botble.com/storage/properties/q1-410x270.jpg]
[flex-home.botble.com/projects.html]
[flex-home.botble.com/projects/aydos-forest-apartment.html]
[flex-home.botble.com/storage/properties/t3-410x270.jpg]
[flex-home.botble.com/properties/nice-apartment-for-rent-in-berlin.html]
[flex-home.botble.com/themes/flex-home/images/bed.svg]
[flex-home.botble.com/storage/properties/b4-1-410x270.jpg]
[flex-home.botble.com/properties/apartment-muiderstraatweg-in-diemen.html]
[flex-home.botble.com/storage/properties/a1-2-410x270.jpg]
[flex-home.botble.com/properties/want-to-lease-a-house-in-compound-pejaten-barat-kemang.html]
[flex-home.botble.com/storage/properties/6-2-410x270.jpg]
[flex-home.botble.com/properties/villa-for-sale-in-lavanya-residences.html]
[flex-home.botble.com/storage/properties/5-2-410x270.jpg]
[flex-home.botble.com/properties/the-avila-apartment.html]
[flex-home.botble.com/storage/properties/a1-1-410x270.jpg]
[flex-home.botble.com/properties/elegant-family-home-presents-premium-modern-living.html]
[flex-home.botble.com/storage/properties/12-410x270.jpg]
[flex-home.botble.com/properties/break-lease-available.html]
[flex-home.botble.com/storage/properties/5-1-410x270.jpg]
[flex-home.botble.com/properties/harry-baskervilles-hay-loft.html]
[flex-home.botble.com/storage/properties/79-410x270.jpg]
[flex-home.botble.com/properties/private-estate-magnificent-views.html]
[flex-home.botble.com/storage/properties/24-1-410x270.jpg]
[flex-home.botble.com/properties/osaka-heights-apartment.html]
[flex-home.botble.com/storage/properties/b5-410x270.jpg]
[flex-home.botble.com/properties/family-victorian-view-home.html]
[flex-home.botble.com/storage/properties/a3-410x270.jpg]
[flex-home.botble.com/properties/el-camino-del-mar.html]
[flex-home.botble.com/properties.html]
[flex-home.botble.com/properties4658.html]
[flex-home.botble.com/ar/news.html]
[flex-home.botble.com/s-koreas-big-investors-flocking-to-overseas-real-estate.html]
[flex-home.botble.com/storage/properties/download-410x270.jpg]
[flex-home.botble.com/category-news.html]
[flex-home.botble.com/singapore-overtakes-hong-kong-in-terms-of-property-investment-prospects.html]
[flex-home.botble.com/storage/properties/6-1-410x270.jpg]
[flex-home.botble.com/private-home-sales-drop-27-in-october.html]
[flex-home.botble.com/storage/properties/2-2-410x270.jpg]
[flex-home.botble.com/bcg-sets-great-store-by-real-estate-negotiations.html]
[flex-home.botble.com/storage/properties/1-2-410x270.jpg]
[flex-home.botble.com/news.html]
[flex-home.botble.com/ar/careers.html]
[flex-home.botble.com/careers/senior-real-estate-consultant.html]
[flex-home.botble.com/careers/sales-manager-real-estate.html]
[flex-home.botble.com/storage/properties/download-150x150.jpg]
[flex-home.botble.com/storage/properties/6-1-150x150.jpg]
[flex-home.botble.com/storage/properties/2-2-150x150.jpg]
[flex-home.botble.com/storage/properties/1-2-150x150.jpg]
[flex-home.botble.com/careers.html]
[flex-home.botble.com/ar/contact.html]
[www.google.com/recaptcha/apifef7.js]
[flex-home.botble.com/contact.html]
[flex-home.botble.com/themes/flex-home/libraries/jquery-validation/validationEngine.jquery.css]
[cdn.jsdelivr.net/gh/taras-d/images-grid/src/images-grid.min.css]
[cdn.jsdelivr.net/gh/taras-d/images-grid/src/images-grid.min.js]
[flex-home.botble.com/themes/flex-home/libraries/jquery-validation/jquery.validationEngine-vi.js]
[flex-home.botble.com/themes/flex-home/libraries/jquery-validation/jquery.validationEngine.js]
[flex-home.botble.com/vi/projects/walnut-park-apartment.html]
[flex-home.botble.com/ar/projects/walnut-park-apartment.html]
[flex-home.botble.com/storage/projects/1.jpg]
[flex-home.botble.com/storage/projects/5.jpg]
[flex-home.botble.com/storage/projects/3.jpg]
[flex-home.botble.com/storage/projects/2.jpg]
[flex-home.botble.com/projects/walnut-park-apartment.html]
[flex-home.botble.com/vi/projects/osaka-heights.html]
[flex-home.botble.com/ar/projects/osaka-heights.html]
[flex-home.botble.com/storage/projects/21.jpg]
[flex-home.botble.com/storage/projects/24.jpg]
[flex-home.botble.com/storage/projects/23.jpg]
[flex-home.botble.com/storage/projects/25.jpg]
[flex-home.botble.com/storage/projects/26.jpg]
[flex-home.botble.com/storage/projects/22.jpg]
[flex-home.botble.com/projects/osaka-heights.html]
[flex-home.botble.com/vi/projects/mimaroba-paradise.html]
[flex-home.botble.com/ar/projects/mimaroba-paradise.html]
[flex-home.botble.com/storage/projects/13.jpg]
[flex-home.botble.com/storage/projects/12.jpg]
[flex-home.botble.com/storage/projects/11.jpg]
[flex-home.botble.com/storage/projects/14.jpg]
[flex-home.botble.com/projects/mimaroba-paradise.html]
[flex-home.botble.com/ar/projects/aegean-villas.html]
[flex-home.botble.com/storage/properties/a5-1.jpg]
[flex-home.botble.com/storage/properties/a6-1.jpg]
[flex-home.botble.com/storage/properties/a7.jpg]
[flex-home.botble.com/storage/properties/a8.jpg]
[flex-home.botble.com/storage/properties/a10.jpg]
[flex-home.botble.com/storage/properties/a9.jpg]
[flex-home.botble.com/projects/aegean-villas.html]
[flex-home.botble.com/vi/projects/city/alhambra.html]
[flex-home.botble.com/projects/city/alhambra.html]
[flex-home.botble.com/ar/projects/city/alhambra.html]
[flex-home.botble.com/vi/projects/city/oakland.html]
[flex-home.botble.com/projects/city/oakland.html]
[flex-home.botble.com/ar/projects/city/oakland.html]
[flex-home.botble.com/vi/projects/city/bakersfield.html]
[flex-home.botble.com/projects/city/bakersfield.html]
[flex-home.botble.com/ar/projects/city/bakersfield.html]
[flex-home.botble.com/vi/projects/city/anaheim.html]
[flex-home.botble.com/projects/city/anaheim.html]
[flex-home.botble.com/ar/projects/city/anaheim.html]
[flex-home.botble.com/vi/projects/city/san-francisco.html]
[flex-home.botble.com/projects/city/san-francisco.html]
[flex-home.botble.com/ar/projects/city/san-francisco.html]
[flex-home.botble.com/ar/about-us.html]
[flex-home.botble.com/storage/general/asset-3-at-3x.png]
[flex-home.botble.com/storage/general/vietnam-office-4.jpg]
[flex-home.botble.com/about-us.html]
[flex-home.botble.com/ar/terms-conditions.html]
[flex-home.botble.com/storage/general/copyright.jpg]
[flex-home.botble.com/terms-conditions.html]
[flex-home.botble.com/ar/properties1e1d.html]
[flex-home.botble.com/storage/properties/411-410x270.jpg]
[flex-home.botble.com/properties/42460-buccaneer-court.html]
[flex-home.botble.com/storage/properties/31-410x270.jpg]
[flex-home.botble.com/properties/stunning-french-inspired-manor.html]
[flex-home.botble.com/properties/property-for-sale-johannesburg-south-africa.html]
[flex-home.botble.com/storage/properties/1-410x270.jpg]
[flex-home.botble.com/properties1e1d.html]
[flex-home.botble.com/properties/3-beds-villa-calpe-alicante.html]
[flex-home.botble.com/ar/properties530f.html]
[flex-home.botble.com/storage/properties/8-410x270.jpg]
[flex-home.botble.com/properties530f.html]
[flex-home.botble.com/properties/walnut-park-apartment.html]
[flex-home.botble.com/ar/building-materials.html]
[flex-home.botble.com/building-materials.html]
[flex-home.botble.com/ar/house-architecture.html]
[flex-home.botble.com/house-architecture.html]
[flex-home.botble.com/ar/house-design.html]
[flex-home.botble.com/house-design.html]
[flex-home.botble.com/vendor/core/plugins/cookie-consent/css/cookie-consent.css]
[flex-home.botble.com/themes/flex-home/libraries/fontawesome/webfonts/fa-brands-400.svg]
[flex-home.botble.com/themes/flex-home/libraries/fontawesome/webfonts/fa-regular-400.svg]
[flex-home.botble.com/themes/flex-home/libraries/fontawesome/webfonts/fa-solid-900.svg]
[flex-home.botble.com/themes/flex-home/libraries/owl-carousel/owl.video.play.html]
[flex-home.botble.com/vi/vi.html]
[flex-home.botble.com/ar/vi.html]
[flex-home.botble.com/vi/password/request.html]
[flex-home.botble.com/vendor/core/media/css/media3615.css]
[flex-home.botble.com/vi/login.html]
[flex-home.botble.com/vendor/core/media/js/integrate3615.js]
[flex-home.botble.com/vi/register]
[flex-home.botble.com/en/vi/projects.174.delayed]
[flex-home.botble.com/vi/vi/projects]
[flex-home.botble.com/ar/vi/projects]
[flex-home.botble.com/vi/projects/khu-chung-cu-the-avila.html]
[flex-home.botble.com/vi/projects/chung-cu-rung-aydos.html]
[flex-home.botble.com/vi/projects.html]
[flex-home.botble.com/en/vi/properties]
[flex-home.botble.com/vi/vi/properties]
[flex-home.botble.com/ar/vi/properties]
[flex-home.botble.com/vi/properties/can-ho-dep-cho-thue-o-berlin.html]
[flex-home.botble.com/vi/properties/can-ho-muiderstraatweg-o-diemen.html]
[flex-home.botble.com/vi/properties/nha-ompound-pejaten-barat-kemang.html]
[flex-home.botble.com/vi/properties/can-ho-cao-cap-5-phong-can-ban-tai-kuala-lumpur.html]
[flex-home.botble.com/vi/properties/can-ban-can-ho-cao-cap-tai-singapore.html]
[flex-home.botble.com/vi/properties/nha-cao-cap-thanh-lich.html]
[flex-home.botble.com/vi/properties/can-ho-1-phong-ngu-hoan-toan-moi-o-vi-tri-hang-nhat.html]
[flex-home.botble.com/vi/properties/cho-thue-nha-tren-duong-thompsons.html]
[flex-home.botble.com/vi/properties/nha-chinh-chu.html]
[flex-home.botble.com/vi/properties/ban-can-ho-osaka-heights.html]
[flex-home.botble.com/vi/properties/cho-thue-nha-view-dep.html]
[flex-home.botble.com/vi/properties/cho-thue-nha-cao-cap-5-phong-ngu.html]
[flex-home.botble.com/vi/properties4658.html]
[flex-home.botble.com/vi/properties.html]
[flex-home.botble.com/en/vi/tin-tuc]
[flex-home.botble.com/vi/vi/tin-tuc]
[flex-home.botble.com/ar/vi/tin-tuc]
[flex-home.botble.com/ar/tin-tuc.html]
[flex-home.botble.com/vi/tin-tuc.html]
[flex-home.botble.com/en/vi/careers]
[flex-home.botble.com/vi/vi/careers]
[flex-home.botble.com/ar/vi/careers]
[flex-home.botble.com/vi/careers/chuyen-vien-tu-van-bat-dong-san-cao-cap.html]
[flex-home.botble.com/vi/careers/truong-phong-kinh-doanh-luong-len-toi.html]
[flex-home.botble.com/vi/tin-tuc-1.html]
[flex-home.botble.com/vi/cac-nha-dau-tu-lon-han-quoc-do-xo-vao-bat-dong-san-o-nuoc-ngoai.html]
[flex-home.botble.com/vi/singapore-vuot-qua-hong-kong-ve-trien-vong-dau-tu-bat-dong-san.html]
[flex-home.botble.com/vi/doanh-so-ban-nha-rieng-giam-27-trong-thang-10.html]
[flex-home.botble.com/vi/bcg-thiet-lap-cua-hang-tuyet-voi-bang-cac-cuoc-dam-phan-bat-dong-san.html]
[flex-home.botble.com/vi/careers.html]
[flex-home.botble.com/en/vi/contact]
[flex-home.botble.com/vi/vi/contact]
[flex-home.botble.com/ar/vi/contact]
[flex-home.botble.com/vi/contact.html]
[flex-home.botble.com/en/vi/projects/can-ho-walnut-park]
[flex-home.botble.com/vi/vi/projects/can-ho-walnut-park]
[flex-home.botble.com/ar/vi/projects/can-ho-walnut-park]
[flex-home.botble.com/projects/can-ho-walnut-park.html]
[flex-home.botble.com/ar/projects/can-ho-walnut-park.html]
[flex-home.botble.com/vi/projects/can-ho-walnut-park.html]
[flex-home.botble.com/en/vi/projects/1574328489]
[flex-home.botble.com/vi/vi/projects/1574328489]
[flex-home.botble.com/ar/vi/projects/1574328489]
[flex-home.botble.com/projects/1574328489.html]
[flex-home.botble.com/ar/projects/1574328489.html]
[flex-home.botble.com/vi/projects/1574328489.html]
[flex-home.botble.com/en/vi/projects/thien-duong-mimaroba]
[flex-home.botble.com/vi/vi/projects/thien-duong-mimaroba]
[flex-home.botble.com/ar/vi/projects/thien-duong-mimaroba]
[flex-home.botble.com/projects/thien-duong-mimaroba.html]
[flex-home.botble.com/ar/projects/thien-duong-mimaroba.html]
[flex-home.botble.com/vi/projects/thien-duong-mimaroba.html]
[flex-home.botble.com/en/vi/projects/khu-biet-thu-aegean]
[flex-home.botble.com/vi/vi/projects/khu-biet-thu-aegean]
[flex-home.botble.com/ar/vi/projects/khu-biet-thu-aegean]
[flex-home.botble.com/projects/khu-biet-thu-aegean.html]
[flex-home.botble.com/ar/projects/khu-biet-thu-aegean.html]
[flex-home.botble.com/vi/projects/khu-biet-thu-aegean.html]
[flex-home.botble.com/en/vi/gioi-thieu]
[flex-home.botble.com/vi/vi/gioi-thieu]
[flex-home.botble.com/ar/vi/gioi-thieu]
[flex-home.botble.com/ar/gioi-thieu.html]
[flex-home.botble.com/storage/general/asset-4-at-3x.png]
[flex-home.botble.com/vi/gioi-thieu.html]
[flex-home.botble.com/en/vi/dieu-khoan-va-quy-dinh]
[flex-home.botble.com/vi/vi/dieu-khoan-va-quy-dinh]
[flex-home.botble.com/ar/vi/dieu-khoan-va-quy-dinh]
[flex-home.botble.com/ar/dieu-khoan-va-quy-dinh.html]
[flex-home.botble.com/vi/dieu-khoan-va-quy-dinh.html]
[flex-home.botble.com/vi/properties/nha-ban-tai.html]
[flex-home.botble.com/vi/properties/nha-phong-cach-phap.html]
[flex-home.botble.com/vi/properties/ban-nha-tai-johannesburg-south-africa.html]
[flex-home.botble.com/vi/properties/ban-biet-thu-3-phong-ngu-calpe-alicante.html]
[flex-home.botble.com/vi/properties1e1d.html]
[flex-home.botble.com/vi/properties/can-ho-walnut-park.html]
[flex-home.botble.com/vi/properties530f.html]
[flex-home.botble.com/en/vi/kien-truc-nha]
[flex-home.botble.com/vi/vi/kien-truc-nha]
[flex-home.botble.com/ar/vi/kien-truc-nha]
[flex-home.botble.com/ar/kien-truc-nha.html]
[flex-home.botble.com/vi/kien-truc-nha.html]
[flex-home.botble.com/en/vi/thiet-ke-nha]
[flex-home.botble.com/vi/vi/thiet-ke-nha]
[flex-home.botble.com/ar/vi/thiet-ke-nha]
[flex-home.botble.com/ar/thiet-ke-nha.html]
[flex-home.botble.com/vi/thiet-ke-nha.html]
[flex-home.botble.com/en/vi/vat-lieu-xay-dung]
[flex-home.botble.com/vi/vi/vat-lieu-xay-dung]
[flex-home.botble.com/ar/vi/vat-lieu-xay-dung]
[flex-home.botble.com/ar/vat-lieu-xay-dung.html]
[flex-home.botble.com/vi/vat-lieu-xay-dung.html]
[flex-home.botble.com/vi/ar.html]
[flex-home.botble.com/ar/ar.html]
[flex-home.botble.com/ar/password/request.html]
[flex-home.botble.com/vendor/core/media/css/media0a30.css]
[flex-home.botble.com/ar/login.html]
[flex-home.botble.com/vendor/core/media/js/integrate0a30.js]
[flex-home.botble.com/vendor/core/media/css/media4060.css]
[flex-home.botble.com/ar/register.html]
[flex-home.botble.com/vendor/core/media/js/integrate4060.js]
[flex-home.botble.com/en/ar/projects]
[flex-home.botble.com/vi/ar/projects]
[flex-home.botble.com/ar/ar/projects]
[flex-home.botble.com/ar/projects.html]
[flex-home.botble.com/en/ar/properties]
[flex-home.botble.com/vi/ar/properties]
[flex-home.botble.com/ar/ar/properties]
[flex-home.botble.com/vendor/core/images/placeholder.png]
[flex-home.botble.com/ar/properties/1586089543.html]
[flex-home.botble.com/ar/properties.html]
[cdnjs.cloudflare.com/ajax/libs/tempusdominus-bootstrap-4/5.0.0-alpha14/css/tempusdominus-bootstrap-4.min.css]
[flex-home.botble.com/vendor/core/libraries/bootstrap/css/bootstrap.min.css]
[flex-home.botble.com/vendor/core/libraries/font-awesome/webfonts/fa-brands-400.eot]
[flex-home.botble.com/vendor/core/libraries/font-awesome/webfonts/fa-brands-400d41d.eot]
[flex-home.botble.com/vendor/core/libraries/font-awesome/webfonts/fa-brands-400.woff2]
[flex-home.botble.com/vendor/core/libraries/font-awesome/webfonts/fa-brands-400.woff]
[flex-home.botble.com/vendor/core/libraries/font-awesome/webfonts/fa-brands-400.ttf]
[flex-home.botble.com/vendor/core/libraries/font-awesome/webfonts/fa-regular-400.eot]
[flex-home.botble.com/vendor/core/libraries/font-awesome/webfonts/fa-brands-400.svg]
[flex-home.botble.com/vendor/core/libraries/font-awesome/webfonts/fa-regular-400d41d.eot]
[flex-home.botble.com/vendor/core/libraries/font-awesome/webfonts/fa-regular-400.woff2]
[flex-home.botble.com/vendor/core/libraries/font-awesome/webfonts/fa-regular-400.woff]
[flex-home.botble.com/vendor/core/libraries/font-awesome/webfonts/fa-regular-400.ttf]
[flex-home.botble.com/vendor/core/libraries/font-awesome/webfonts/fa-regular-400.svg]
[flex-home.botble.com/vendor/core/libraries/font-awesome/webfonts/fa-solid-900.eot]
[flex-home.botble.com/vendor/core/libraries/font-awesome/webfonts/fa-solid-900d41d.eot]
[flex-home.botble.com/vendor/core/libraries/font-awesome/webfonts/fa-solid-900.woff2]
[flex-home.botble.com/vendor/core/libraries/font-awesome/webfonts/fa-solid-900.woff]
[flex-home.botble.com/vendor/core/libraries/font-awesome/webfonts/fa-solid-900.ttf]
[flex-home.botble.com/vendor/core/libraries/font-awesome/css/fontawesome.min.css]
[flex-home.botble.com/vendor/core/libraries/simple-line-icons/fonts/Simple-Line-Iconsb26c.eot]
[flex-home.botble.com/vendor/core/libraries/simple-line-icons/fonts/Simple-Line-Iconsb26c.woff2]
[flex-home.botble.com/vendor/core/libraries/font-awesome/webfonts/fa-solid-900.svg]
[flex-home.botble.com/vendor/core/libraries/simple-line-icons/fonts/Simple-Line-Iconsb26c.ttf]
[flex-home.botble.com/vendor/core/libraries/simple-line-icons/fonts/Simple-Line-Iconsb26c.woff]
[flex-home.botble.com/vendor/core/libraries/simple-line-icons/css/simple-line-icons.css]
[flex-home.botble.com/vendor/core/libraries/select2/css/select2.min.css]
[flex-home.botble.com/vendor/core/libraries/select2/css/select2-bootstrap.min.css]
[flex-home.botble.com/vendor/core/libraries/pace/pace-theme-minimal.css]
[flex-home.botble.com/vendor/core/libraries/toastr/toastr.min.css]
[flex-home.botble.com/vendor/core/libraries/simple-line-icons/fonts/Simple-Line-Iconsb26c.svg]
[flex-home.botble.com/vendor/core/libraries/mcustom-scrollbar/mCSB_buttons.png]
[flex-home.botble.com/vendor/core/libraries/mcustom-scrollbar/jquery.mCustomScrollbar.css]
[flex-home.botble.com/vendor/core/libraries/bootstrap-datepicker/css/bootstrap-datepicker3.min.css]
[flex-home.botble.com/vendor/core/libraries/spectrum/spectrum.css]
[flex-home.botble.com/vendor/core/libraries/fancybox/jquery.fancybox.min.css]
[flex-home.botble.com/vendor/core/images/remove-icon-small.png]
[flex-home.botble.com/vendor/core/images/accordion-plusminus.png]
[flex-home.botble.com/vendor/core/images/portlet-remove-icon.png]
[flex-home.botble.com/vendor/core/images/portlet-config-icon.png]
[flex-home.botble.com/vendor/core/images/portlet-reload-icon.png]
[flex-home.botble.com/vendor/core/images/portlet-expand-icon.png]
[flex-home.botble.com/vendor/core/images/portlet-collapse-icon.png]
[flex-home.botble.com/vendor/core/images/portlet-remove-icon-white.png]
[flex-home.botble.com/vendor/core/images/portlet-config-icon-white.png]
[flex-home.botble.com/vendor/core/images/portlet-reload-icon-white.png]
[flex-home.botble.com/vendor/core/images/portlet-expand-icon-white.png]
[flex-home.botble.com/vendor/core/images/portlet-collapse-icon-white.png]
[flex-home.botble.com/vendor/core/images/social/amazon.png]
[flex-home.botble.com/vendor/core/images/social/behance.png]
[flex-home.botble.com/vendor/core/images/social/blogger.png]
[flex-home.botble.com/vendor/core/images/social/deviantart.png]
[flex-home.botble.com/vendor/core/images/social/dribbble.png]
[flex-home.botble.com/vendor/core/images/social/dropbox.png]
[flex-home.botble.com/vendor/core/images/social/evernote.png]
[flex-home.botble.com/vendor/core/images/social/facebook.png]
[flex-home.botble.com/vendor/core/images/social/forrst.png]
[flex-home.botble.com/vendor/core/images/social/github.png]
[flex-home.botble.com/vendor/core/images/social/googleplus.png]
[flex-home.botble.com/vendor/core/images/social/jolicloud.png]
[flex-home.botble.com/vendor/core/images/social/last-fm.png]
[flex-home.botble.com/vendor/core/images/social/linkedin.png]
[flex-home.botble.com/vendor/core/images/social/picasa.png]
[flex-home.botble.com/vendor/core/images/social/pintrest.png]
[flex-home.botble.com/vendor/core/images/social/rss.png]
[flex-home.botble.com/vendor/core/images/social/skype.png]
[flex-home.botble.com/vendor/core/images/social/spotify.png]
[flex-home.botble.com/vendor/core/images/social/stumbleupon.png]
[flex-home.botble.com/vendor/core/images/social/tumblr.png]
[flex-home.botble.com/vendor/core/images/social/twitter.png]
[flex-home.botble.com/vendor/core/images/social/vimeo.png]
[flex-home.botble.com/vendor/core/images/social/wordpress.png]
[flex-home.botble.com/vendor/core/images/social/xing.png]
[flex-home.botble.com/vendor/core/images/social/yahoo.png]
[flex-home.botble.com/vendor/core/images/social/youtube.png]
[flex-home.botble.com/vendor/core/images/social/vk.png]
[flex-home.botble.com/vendor/core/images/social/instagram.png]
[flex-home.botble.com/vendor/core/images/social/reddit.png]
[flex-home.botble.com/vendor/core/images/social/aboutme.png]
[flex-home.botble.com/vendor/core/images/social/flickr.png]
[flex-home.botble.com/vendor/core/images/social/foursquare.png]
[flex-home.botble.com/vendor/core/images/social/gravatar.png]
[flex-home.botble.com/vendor/core/images/social/klout.png]
[flex-home.botble.com/vendor/core/images/social/myspace.png]
[flex-home.botble.com/vendor/core/images/social/quora.png]
[flex-home.botble.com/vendor/core/images/icon-color.png]
[flex-home.botble.com/vendor/core/images/icon-color-close.png]
[flex-home.botble.com/vendor/core/images/img.png]
[flex-home.botble.com/vendor/core/css/core.css]
[flex-home.botble.com/vendor/core/plugins/language/css/language.css]
[flex-home.botble.com/vendor/core/images/ui/nav_arrow_right.png]
[flex-home.botble.com/vendor/core/images/loading.gif]
[flex-home.botble.com/vendor/core/fonts/entypo.eot]
[flex-home.botble.com/vendor/core/fonts/entypod41d.eot]
[flex-home.botble.com/vendor/core/fonts/entypo.woff2]
[flex-home.botble.com/vendor/core/fonts/entypo.woff]
[flex-home.botble.com/vendor/core/fonts/entypo.ttf]
[flex-home.botble.com/vendor/core/css/themes/default.css]
[flex-home.botble.com/vendor/core/plugins/vendor/css/app.css]
[flex-home.botble.com/vendor/core/media/css/media7c59.css]
[flex-home.botble.com/password/request.html]
[flex-home.botble.com/vendor/core/images/flags/ma.svg]
[flex-home.botble.com/vendor/core/media/css/mediad5d5.css]
[flex-home.botble.com/vendor/core/media/css/media9086.css]
[flex-home.botble.com/vendor/core/media/js/integrate7c59.js]
[flex-home.botble.com/vi/projects/park.html]
[flex-home.botble.com/ar/projects/park.html]
[flex-home.botble.com/storage/properties/e1.jpg]
[flex-home.botble.com/storage/properties/e2.jpg]
[flex-home.botble.com/storage/properties/e3.jpg]
[flex-home.botble.com/storage/properties/e4.jpg]
[flex-home.botble.com/storage/properties/e7.jpg]
[flex-home.botble.com/storage/properties/e8.jpg]
[flex-home.botble.com/projects/park.html]
[flex-home.botble.com/vi/projects/aydos-forest-apartment.html]
[flex-home.botble.com/ar/projects/aydos-forest-apartment.html]
[flex-home.botble.com/storage/properties/q1.jpg]
[flex-home.botble.com/storage/properties/q2.jpg]
[flex-home.botble.com/storage/properties/q8.jpg]
[flex-home.botble.com/storage/properties/q7.jpg]
[flex-home.botble.com/storage/properties/q3.jpg]
[flex-home.botble.com/storage/properties/q6.jpg]
[flex-home.botble.com/projects/aydos-forest-apartment.html]
[flex-home.botble.com/vi/properties/nice-apartment-for-rent-in-berlin.html]
[flex-home.botble.com/ar/properties/nice-apartment-for-rent-in-berlin.html]
[flex-home.botble.com/storage/properties/t3.jpg]
[flex-home.botble.com/storage/properties/t1.jpg]
[flex-home.botble.com/storage/properties/t2.jpg]
[flex-home.botble.com/storage/properties/t4.jpg]
[flex-home.botble.com/storage/properties/t5.jpg]
[flex-home.botble.com/properties/nice-apartment-for-rent-in-berlin.html]
[flex-home.botble.com/themes/flex-home/images/bed.svg]
[flex-home.botble.com/themes/flex-home/images/bath.svg]
[flex-home.botble.com/themes/flex-home/images/area.svg]
[flex-home.botble.com/vi/properties/apartment-muiderstraatweg-in-diemen.html]
[flex-home.botble.com/ar/properties/apartment-muiderstraatweg-in-diemen.html]
[flex-home.botble.com/storage/properties/b4-1.jpg]
[flex-home.botble.com/storage/properties/b3.jpg]
[flex-home.botble.com/properties/apartment-muiderstraatweg-in-diemen.html]
[flex-home.botble.com/vi/properties/want-to-lease-a-house-in-compound-pejaten-barat-kemang.html]
[flex-home.botble.com/storage/properties/a1-2.jpg]
[flex-home.botble.com/ar/properties/want-to-lease-a-house-in-compound-pejaten-barat-kemang.html]
[flex-home.botble.com/storage/properties/a2-2.jpg]
[flex-home.botble.com/storage/properties/a3-2.jpg]
[flex-home.botble.com/properties/want-to-lease-a-house-in-compound-pejaten-barat-kemang.html]
[flex-home.botble.com/vi/properties/villa-for-sale-in-lavanya-residences.html]
[flex-home.botble.com/storage/properties/6-2.jpg]
[flex-home.botble.com/storage/properties/9-1.jpg]
[flex-home.botble.com/properties/villa-for-sale-in-lavanya-residences.html]
[flex-home.botble.com/storage/properties/2-3.jpg]
[flex-home.botble.com/storage/properties/3-3.jpg]
[flex-home.botble.com/storage/properties/4-2.jpg]
[flex-home.botble.com/storage/properties/1-3.jpg]
[flex-home.botble.com/properties/the-avila-apartment.html]
[flex-home.botble.com/vi/properties/elegant-family-home-presents-premium-modern-living.html]
[flex-home.botble.com/ar/properties/elegant-family-home-presents-premium-modern-living.html]
[flex-home.botble.com/storage/properties/a1-1.jpg]
[flex-home.botble.com/storage/properties/a2-1.jpg]
[flex-home.botble.com/storage/properties/a3-1.jpg]
[flex-home.botble.com/storage/properties/a5.jpg]
[flex-home.botble.com/storage/properties/a4-1.jpg]
[flex-home.botble.com/storage/properties/a6.jpg]
[flex-home.botble.com/properties/elegant-family-home-presents-premium-modern-living.html]
[flex-home.botble.com/vi/properties/break-lease-available.html]
[flex-home.botble.com/ar/properties/break-lease-available.html]
[flex-home.botble.com/storage/properties/12.jpg]
[flex-home.botble.com/storage/properties/10.jpg]
[flex-home.botble.com/storage/properties/13.jpg]
[flex-home.botble.com/storage/properties/14.jpg]
[flex-home.botble.com/storage/properties/15.jpg]
[flex-home.botble.com/properties/break-lease-available.html]
[flex-home.botble.com/vi/properties/harry-baskervilles-hay-loft.html]
[flex-home.botble.com/ar/properties/harry-baskervilles-hay-loft.html]
[flex-home.botble.com/storage/properties/5-1.jpg]
[flex-home.botble.com/storage/properties/7-1.jpg]
[flex-home.botble.com/storage/properties/8-1.jpg]
[flex-home.botble.com/storage/properties/6.jpg]
[flex-home.botble.com/properties/harry-baskervilles-hay-loft.html]
[flex-home.botble.com/vi/properties/private-estate-magnificent-views.html]
[flex-home.botble.com/ar/properties/private-estate-magnificent-views.html]
[flex-home.botble.com/storage/properties/71.jpg]
[flex-home.botble.com/storage/properties/73.jpg]
[flex-home.botble.com/storage/properties/72.jpg]
[flex-home.botble.com/storage/properties/74.jpg]
[flex-home.botble.com/properties/private-estate-magnificent-views.html]
[flex-home.botble.com/vi/properties/osaka-heights-apartment.html]
[flex-home.botble.com/ar/properties/osaka-heights-apartment.html]
[flex-home.botble.com/storage/properties/24-1.jpg]
[flex-home.botble.com/storage/properties/22-1.jpg]
[flex-home.botble.com/storage/properties/p1.jpg]
[flex-home.botble.com/storage/properties/p2.jpg]
[flex-home.botble.com/properties/osaka-heights-apartment.html]
[flex-home.botble.com/vi/properties/family-victorian-view-home.html]
[flex-home.botble.com/ar/properties/family-victorian-view-home.html]
[flex-home.botble.com/storage/properties/b5.jpg]
[flex-home.botble.com/storage/properties/b1.jpg]
[flex-home.botble.com/storage/properties/b4.jpg]
[flex-home.botble.com/storage/properties/b6.jpg]
[flex-home.botble.com/storage/properties/b2.jpg]
[flex-home.botble.com/properties/family-victorian-view-home.html]
[flex-home.botble.com/vi/properties/el-camino-del-mar.html]
[flex-home.botble.com/ar/properties/el-camino-del-mar.html]
[flex-home.botble.com/storage/properties/a3.jpg]
[flex-home.botble.com/storage/properties/a1.jpg]
[flex-home.botble.com/storage/properties/a2.jpg]
[flex-home.botble.com/storage/properties/a4.jpg]
[flex-home.botble.com/properties/el-camino-del-mar.html]
[flex-home.botble.com/ar/properties4658.html]
[flex-home.botble.com/properties4658.html]
[flex-home.botble.com/properties2679.html]
[flex-home.botble.com/en/ar/news]
[flex-home.botble.com/vi/ar/news]
[flex-home.botble.com/ar/ar/news]
[flex-home.botble.com/ar/news.html]
[flex-home.botble.com/ar/s-koreas-big-investors-flocking-to-overseas-real-estate.html]
[flex-home.botble.com/S. Korea’s Big Investors Flocking to Overseas Real Estate]
[flex-home.botble.com/storage/properties/32223-43914-378.png]
[flex-home.botble.com/s-koreas-big-investors-flocking-to-overseas-real-estate.html]
[flex-home.botble.com/ar/category-news.html]
[flex-home.botble.com/category-news.html]
[flex-home.botble.com/ar/singapore-overtakes-hong-kong-in-terms-of-property-investment-prospects.html]
[flex-home.botble.com/storage/properties/3-2.jpg]
[flex-home.botble.com/singapore-overtakes-hong-kong-in-terms-of-property-investment-prospects.html]
[flex-home.botble.com/ar/private-home-sales-drop-27-in-october.html]
[flex-home.botble.com/private-home-sales-drop-27-in-october.html]
[flex-home.botble.com/ar/bcg-sets-great-store-by-real-estate-negotiations.html]
[flex-home.botble.com/bcg-sets-great-store-by-real-estate-negotiations.html]
[flex-home.botble.com/en/ar/careers]
[flex-home.botble.com/vi/ar/careers]
[flex-home.botble.com/ar/ar/careers]
[flex-home.botble.com/ar/careers.html]
[flex-home.botble.com/vi/careers/senior-real-estate-consultant.html]
[flex-home.botble.com/careers/senior-real-estate-consultant.html]
[flex-home.botble.com/ar/careers/senior-real-estate-consultant.html]
[flex-home.botble.com/vi/careers/sales-manager-real-estate.html]
[flex-home.botble.com/careers/sales-manager-real-estate.html]
[flex-home.botble.com/ar/careers/sales-manager-real-estate.html]
[flex-home.botble.com/en/ar/contact]
[flex-home.botble.com/vi/ar/contact]
[flex-home.botble.com/ar/ar/contact]
[flex-home.botble.com/ar/contact.html]
[flex-home.botble.com/themes/flex-home/libraries/jquery-validation/validationEngine.jquery.css]
[cdn.jsdelivr.net/gh/taras-d/images-grid/src/img/imgs-grid-icons.png]
[cdn.jsdelivr.net/gh/taras-d/images-grid/src/images-grid.min.css]
[flex-home.botble.com/en/vi/projects/walnut-park-apartment]
[flex-home.botble.com/vi/vi/projects/walnut-park-apartment]
[flex-home.botble.com/ar/vi/projects/walnut-park-apartment]
[flex-home.botble.com/vi/projects/walnut-park-apartment.html]
[flex-home.botble.com/en/ar/projects/walnut-park-apartment]
[flex-home.botble.com/vi/ar/projects/walnut-park-apartment]
[flex-home.botble.com/ar/ar/projects/walnut-park-apartment]
[flex-home.botble.com/ar/projects/walnut-park-apartment.html]
[flex-home.botble.com/en/vi/projects/osaka-heights]
[flex-home.botble.com/vi/vi/projects/osaka-heights]
[flex-home.botble.com/ar/vi/projects/osaka-heights]
[flex-home.botble.com/vi/projects/osaka-heights.html]
[flex-home.botble.com/en/ar/projects/osaka-heights]
[flex-home.botble.com/vi/ar/projects/osaka-heights]
[flex-home.botble.com/ar/ar/projects/osaka-heights]
[flex-home.botble.com/ar/projects/osaka-heights.html]
[flex-home.botble.com/en/vi/projects/mimaroba-paradise]
[flex-home.botble.com/vi/vi/projects/mimaroba-paradise]
[flex-home.botble.com/ar/vi/projects/mimaroba-paradise]
[flex-home.botble.com/vi/projects/mimaroba-paradise.html]
[flex-home.botble.com/en/ar/projects/mimaroba-paradise]
[flex-home.botble.com/vi/ar/projects/mimaroba-paradise]
[flex-home.botble.com/ar/ar/projects/mimaroba-paradise]
[flex-home.botble.com/ar/projects/mimaroba-paradise.html]
[flex-home.botble.com/vi/projects/aegean-villas]
[flex-home.botble.com/en/ar/projects/aegean-villas.35e.delayed]
[flex-home.botble.com/vi/ar/projects/aegean-villas]
[flex-home.botble.com/ar/ar/projects/aegean-villas]
[flex-home.botble.com/ar/projects/aegean-villas.html]
[flex-home.botble.com/en/vi/projects/city/alhambra]
[flex-home.botble.com/vi/vi/projects/city/alhambra]
[flex-home.botble.com/ar/vi/projects/city/alhambra]
[flex-home.botble.com/vi/projects/city/alhambra.html]
[flex-home.botble.com/en/ar/projects/city/alhambra]
[flex-home.botble.com/vi/ar/projects/city/alhambra]
[flex-home.botble.com/ar/ar/projects/city/alhambra]
[flex-home.botble.com/ar/projects/city/alhambra.html]
[flex-home.botble.com/en/vi/projects/city/oakland]
[flex-home.botble.com/vi/vi/projects/city/oakland]
[flex-home.botble.com/ar/vi/projects/city/oakland]
[flex-home.botble.com/vi/projects/city/oakland.html]
[flex-home.botble.com/en/ar/projects/city/oakland]
[flex-home.botble.com/vi/ar/projects/city/oakland]
[flex-home.botble.com/ar/ar/projects/city/oakland]
[flex-home.botble.com/ar/projects/city/oakland.html]
[flex-home.botble.com/en/vi/projects/city/bakersfield]
[flex-home.botble.com/vi/vi/projects/city/bakersfield]
[flex-home.botble.com/ar/vi/projects/city/bakersfield]
[flex-home.botble.com/vi/projects/city/bakersfield.html]
[flex-home.botble.com/en/ar/projects/city/bakersfield]
[flex-home.botble.com/vi/ar/projects/city/bakersfield]
[flex-home.botble.com/ar/ar/projects/city/bakersfield]
[flex-home.botble.com/ar/projects/city/bakersfield.html]
[flex-home.botble.com/en/vi/projects/city/anaheim]
[flex-home.botble.com/vi/vi/projects/city/anaheim]
[flex-home.botble.com/ar/vi/projects/city/anaheim]
[flex-home.botble.com/vi/projects/city/anaheim.html]
[flex-home.botble.com/en/ar/projects/city/anaheim]
[flex-home.botble.com/vi/ar/projects/city/anaheim]
[flex-home.botble.com/ar/ar/projects/city/anaheim]
[flex-home.botble.com/ar/projects/city/anaheim.html]
[flex-home.botble.com/en/vi/projects/city/san-francisco]
[flex-home.botble.com/vi/vi/projects/city/san-francisco]
[flex-home.botble.com/ar/vi/projects/city/san-francisco]
[flex-home.botble.com/vi/projects/city/san-francisco.html]
[flex-home.botble.com/en/ar/projects/city/san-francisco]
[flex-home.botble.com/vi/ar/projects/city/san-francisco]
[flex-home.botble.com/ar/ar/projects/city/san-francisco]
[flex-home.botble.com/ar/projects/city/san-francisco.html]
[flex-home.botble.com/en/ar/about-us]
[flex-home.botble.com/vi/ar/about-us]
[flex-home.botble.com/ar/ar/about-us]
[flex-home.botble.com/ar/about-us.html]
[flex-home.botble.com/ar/terms-conditions.html]
[flex-home.botble.com/ar/properties1e1d.html]
[flex-home.botble.com/properties/42460-buccaneer-court.html]
[flex-home.botble.com/properties/stunning-french-inspired-manor.html]
[flex-home.botble.com/properties/property-for-sale-johannesburg-south-africa.html]
[flex-home.botble.com/properties/3-beds-villa-calpe-alicante.html]
[flex-home.botble.com/ar/properties530f.html]
[flex-home.botble.com/properties/walnut-park-apartment.html]
[flex-home.botble.com/ar/building-materials.html]
[flex-home.botble.com/ar/house-architecture.html]
[flex-home.botble.com/ar/house-design.html]
[flex-home.botble.com/vi/password/request.html]
[flex-home.botble.com/vendor/core/media/css/media3615.css]
[flex-home.botble.com/vi/register]
[flex-home.botble.com/en/vi/projects.html]
[flex-home.botble.com/vi/vi/projects.html]
[flex-home.botble.com/ar/vi/projects.html]
[flex-home.botble.com/vi/projects/khu-chung-cu-the-avila.html]
[flex-home.botble.com/vi/projects/chung-cu-rung-aydos.html]
[flex-home.botble.com/en/vi/properties.html]
[flex-home.botble.com/vi/vi/properties.html]
[flex-home.botble.com/ar/vi/properties.html]
[flex-home.botble.com/vi/properties/can-ho-dep-cho-thue-o-berlin.html]
[flex-home.botble.com/vi/properties/can-ho-muiderstraatweg-o-diemen.html]
[flex-home.botble.com/vi/properties/nha-ompound-pejaten-barat-kemang.html]
[flex-home.botble.com/vi/properties/can-ho-cao-cap-5-phong-can-ban-tai-kuala-lumpur.html]
[flex-home.botble.com/vi/properties/can-ban-can-ho-cao-cap-tai-singapore.html]
[flex-home.botble.com/vi/properties/nha-cao-cap-thanh-lich.html]
[flex-home.botble.com/vi/properties/can-ho-1-phong-ngu-hoan-toan-moi-o-vi-tri-hang-nhat.html]
[flex-home.botble.com/vi/properties/cho-thue-nha-tren-duong-thompsons.html]
[flex-home.botble.com/vi/properties/nha-chinh-chu.html]
[flex-home.botble.com/vi/properties/ban-can-ho-osaka-heights.html]
[flex-home.botble.com/vi/properties/cho-thue-nha-view-dep.html]
[flex-home.botble.com/vi/properties/cho-thue-nha-cao-cap-5-phong-ngu.html]
[flex-home.botble.com/vi/properties4658.html]
[flex-home.botble.com/en/vi/tin-tuc.html]
[flex-home.botble.com/vi/vi/tin-tuc.html]
[flex-home.botble.com/ar/vi/tin-tuc.html]
[flex-home.botble.com/ar/tin-tuc.html]
[flex-home.botble.com/en/vi/careers.html]
[flex-home.botble.com/vi/vi/careers.html]
[flex-home.botble.com/ar/vi/careers.html]
[flex-home.botble.com/vi/careers/chuyen-vien-tu-van-bat-dong-san-cao-cap.html]
[flex-home.botble.com/vi/careers/truong-phong-kinh-doanh-luong-len-toi.html]
[flex-home.botble.com/vi/tin-tuc-1.html]
[flex-home.botble.com/vi/cac-nha-dau-tu-lon-han-quoc-do-xo-vao-bat-dong-san-o-nuoc-ngoai.html]
[flex-home.botble.com/vi/singapore-vuot-qua-hong-kong-ve-trien-vong-dau-tu-bat-dong-san.html]
[flex-home.botble.com/vi/doanh-so-ban-nha-rieng-giam-27-trong-thang-10.html]
[flex-home.botble.com/vi/bcg-thiet-lap-cua-hang-tuyet-voi-bang-cac-cuoc-dam-phan-bat-dong-san.html]
[flex-home.botble.com/en/vi/contact.html]
[flex-home.botble.com/vi/vi/contact.html]
[flex-home.botble.com/ar/vi/contact.html]
[flex-home.botble.com/en/vi/projects/can-ho-walnut-park.html]
[flex-home.botble.com/vi/vi/projects/can-ho-walnut-park.html]
[flex-home.botble.com/ar/vi/projects/can-ho-walnut-park.html]
[flex-home.botble.com/projects/can-ho-walnut-park.html]
[flex-home.botble.com/ar/projects/can-ho-walnut-park.html]
[flex-home.botble.com/en/vi/projects/1574328489.html]
[flex-home.botble.com/vi/vi/projects/1574328489.html]
[flex-home.botble.com/ar/vi/projects/1574328489.html]
[flex-home.botble.com/projects/1574328489.html]
[flex-home.botble.com/ar/projects/1574328489.html]
[flex-home.botble.com/en/vi/projects/thien-duong-mimaroba.html]
[flex-home.botble.com/vi/vi/projects/thien-duong-mimaroba.html]
[flex-home.botble.com/ar/vi/projects/thien-duong-mimaroba.html]
[flex-home.botble.com/projects/thien-duong-mimaroba.html]
[flex-home.botble.com/ar/projects/thien-duong-mimaroba.html]
[flex-home.botble.com/en/vi/projects/khu-biet-thu-aegean.html]
[flex-home.botble.com/vi/vi/projects/khu-biet-thu-aegean.html]
[flex-home.botble.com/ar/vi/projects/khu-biet-thu-aegean.html]
[flex-home.botble.com/projects/khu-biet-thu-aegean.html]
[flex-home.botble.com/ar/projects/khu-biet-thu-aegean.html]
[flex-home.botble.com/en/vi/gioi-thieu.html]
[flex-home.botble.com/vi/vi/gioi-thieu.html]
[flex-home.botble.com/ar/vi/gioi-thieu.html]
[flex-home.botble.com/ar/gioi-thieu.html]
[flex-home.botble.com/en/vi/dieu-khoan-va-quy-dinh.html]
[flex-home.botble.com/vi/vi/dieu-khoan-va-quy-dinh.html]
[flex-home.botble.com/ar/vi/dieu-khoan-va-quy-dinh.html]
[flex-home.botble.com/ar/dieu-khoan-va-quy-dinh.html]
[flex-home.botble.com/vi/properties/nha-ban-tai.html]
[flex-home.botble.com/vi/properties/nha-phong-cach-phap.html]
[flex-home.botble.com/vi/properties/ban-nha-tai-johannesburg-south-africa.html]
[flex-home.botble.com/vi/properties/ban-biet-thu-3-phong-ngu-calpe-alicante.html]
[flex-home.botble.com/vi/properties/can-ho-walnut-park.html]
[flex-home.botble.com/en/vi/kien-truc-nha.html]
[flex-home.botble.com/vi/vi/kien-truc-nha.html]
[flex-home.botble.com/ar/vi/kien-truc-nha.html]
[flex-home.botble.com/ar/kien-truc-nha.html]
[flex-home.botble.com/en/vi/thiet-ke-nha.html]
[flex-home.botble.com/vi/vi/thiet-ke-nha.html]
[flex-home.botble.com/ar/vi/thiet-ke-nha.html]
[flex-home.botble.com/ar/thiet-ke-nha.html]
[flex-home.botble.com/en/vi/vat-lieu-xay-dung.html]
[flex-home.botble.com/vi/vi/vat-lieu-xay-dung.html]
[flex-home.botble.com/ar/vi/vat-lieu-xay-dung.html]
[flex-home.botble.com/ar/vat-lieu-xay-dung.html]
[flex-home.botble.com/ar/password/request.html]
[flex-home.botble.com/vendor/core/media/css/media0a30.css]
[flex-home.botble.com/vendor/core/media/css/media4060.css]
[flex-home.botble.com/en/ar/projects.html]
[flex-home.botble.com/vi/ar/projects.html]
[flex-home.botble.com/ar/ar/projects.html]
[flex-home.botble.com/en/ar/properties.html]
[flex-home.botble.com/vi/ar/properties.html]
[flex-home.botble.com/ar/ar/properties.html]
[flex-home.botble.com/ar/properties/1586089543.html]
[flex-home.botble.com/vendor/core/libraries/font-awesome/webfonts/fa-brands-400.svg]
[flex-home.botble.com/vendor/core/libraries/font-awesome/webfonts/fa-regular-400.svg]
[flex-home.botble.com/vendor/core/libraries/font-awesome/webfonts/fa-solid-900.svg]
[flex-home.botble.com/vendor/core/libraries/simple-line-icons/fonts/Simple-Line-Iconsb26c.svg]
[flex-home.botble.com/vendor/core/images/loader-transparent.html]
[flex-home.botble.com/vendor/core/media/css/media7c59.css]
[flex-home.botble.com/vi/projects/park.html]
[flex-home.botble.com/ar/projects/park.html]
[flex-home.botble.com/vi/projects/aydos-forest-apartment.html]
[flex-home.botble.com/ar/projects/aydos-forest-apartment.html]
[flex-home.botble.com/vi/properties/nice-apartment-for-rent-in-berlin.html]
[flex-home.botble.com/ar/properties/nice-apartment-for-rent-in-berlin.html]
[flex-home.botble.com/vi/properties/apartment-muiderstraatweg-in-diemen.html]
[flex-home.botble.com/ar/properties/apartment-muiderstraatweg-in-diemen.html]
[flex-home.botble.com/vi/properties/want-to-lease-a-house-in-compound-pejaten-barat-kemang.html]
[flex-home.botble.com/ar/properties/want-to-lease-a-house-in-compound-pejaten-barat-kemang.html]
[flex-home.botble.com/vi/properties/villa-for-sale-in-lavanya-residences.html]
[flex-home.botble.com/vi/properties/elegant-family-home-presents-premium-modern-living.html]
[flex-home.botble.com/ar/properties/elegant-family-home-presents-premium-modern-living.html]
[flex-home.botble.com/vi/properties/break-lease-available.html]
[flex-home.botble.com/ar/properties/break-lease-available.html]
[flex-home.botble.com/vi/properties/harry-baskervilles-hay-loft.html]
[flex-home.botble.com/ar/properties/harry-baskervilles-hay-loft.html]
[flex-home.botble.com/vi/properties/private-estate-magnificent-views.html]
[flex-home.botble.com/ar/properties/private-estate-magnificent-views.html]
[flex-home.botble.com/vi/properties/osaka-heights-apartment.html]
[flex-home.botble.com/ar/properties/osaka-heights-apartment.html]
[flex-home.botble.com/vi/properties/family-victorian-view-home.html]
[flex-home.botble.com/ar/properties/family-victorian-view-home.html]
[flex-home.botble.com/vi/properties/el-camino-del-mar.html]
[flex-home.botble.com/ar/properties/el-camino-del-mar.html]
[flex-home.botble.com/ar/properties4658.html]
[flex-home.botble.com/properties2679.html]
[flex-home.botble.com/en/ar/news.html]
[flex-home.botble.com/vi/ar/news.html]
[flex-home.botble.com/ar/ar/news.html]
[flex-home.botble.com/ar/s-koreas-big-investors-flocking-to-overseas-real-estate.html]
[flex-home.botble.com/S.html]
[flex-home.botble.com/ar/category-news.html]
[flex-home.botble.com/ar/singapore-overtakes-hong-kong-in-terms-of-property-investment-prospects.html]
[flex-home.botble.com/ar/private-home-sales-drop-27-in-october.html]
[flex-home.botble.com/ar/bcg-sets-great-store-by-real-estate-negotiations.html]
[flex-home.botble.com/en/ar/careers.html]
[flex-home.botble.com/vi/ar/careers.html]
[flex-home.botble.com/ar/ar/careers.html]
[flex-home.botble.com/vi/careers/senior-real-estate-consultant.html]
[flex-home.botble.com/ar/careers/senior-real-estate-consultant.html]
[flex-home.botble.com/vi/careers/sales-manager-real-estate.html]
[flex-home.botble.com/ar/careers/sales-manager-real-estate.html]
[flex-home.botble.com/en/ar/contact.html]
[flex-home.botble.com/vi/ar/contact.html]
[flex-home.botble.com/ar/ar/contact.html]
[flex-home.botble.com/en/vi/projects/walnut-park-apartment.html]
[flex-home.botble.com/vi/vi/projects/walnut-park-apartment.html]
[flex-home.botble.com/ar/vi/projects/walnut-park-apartment.html]
[flex-home.botble.com/en/ar/projects/walnut-park-apartment.html]
[flex-home.botble.com/vi/ar/projects/walnut-park-apartment.html]
[flex-home.botble.com/ar/ar/projects/walnut-park-apartment.html]
[flex-home.botble.com/en/vi/projects/osaka-heights.html]
[flex-home.botble.com/vi/vi/projects/osaka-heights.html]
[flex-home.botble.com/ar/vi/projects/osaka-heights.html]
[flex-home.botble.com/en/ar/projects/osaka-heights.html]
[flex-home.botble.com/vi/ar/projects/osaka-heights.html]
[flex-home.botble.com/ar/ar/projects/osaka-heights.html]
[flex-home.botble.com/en/vi/projects/mimaroba-paradise.html]
[flex-home.botble.com/vi/vi/projects/mimaroba-paradise.html]
[flex-home.botble.com/ar/vi/projects/mimaroba-paradise.html]
[flex-home.botble.com/en/ar/projects/mimaroba-paradise.html]
[flex-home.botble.com/vi/ar/projects/mimaroba-paradise.html]
[flex-home.botble.com/ar/ar/projects/mimaroba-paradise.html]
[flex-home.botble.com/en/projects/aegean-villas]
[flex-home.botble.com/vi/projects/aegean-villas]
[flex-home.botble.com/en/ar/projects/aegean-villas.html]
[flex-home.botble.com/vi/ar/projects/aegean-villas.html]
[flex-home.botble.com/ar/ar/projects/aegean-villas.html]
[flex-home.botble.com/en/vi/projects/city/alhambra.html]
[flex-home.botble.com/vi/vi/projects/city/alhambra.html]
[flex-home.botble.com/ar/vi/projects/city/alhambra.html]
[flex-home.botble.com/en/ar/projects/city/alhambra.html]
[flex-home.botble.com/vi/ar/projects/city/alhambra.html]
[flex-home.botble.com/ar/ar/projects/city/alhambra.html]
[flex-home.botble.com/en/vi/projects/city/oakland.html]
[flex-home.botble.com/vi/vi/projects/city/oakland.html]
[flex-home.botble.com/ar/vi/projects/city/oakland.html]
[flex-home.botble.com/en/ar/projects/city/oakland.html]
[flex-home.botble.com/vi/ar/projects/city/oakland.html]
[flex-home.botble.com/ar/ar/projects/city/oakland.html]
[flex-home.botble.com/en/vi/projects/city/bakersfield.html]
[flex-home.botble.com/vi/vi/projects/city/bakersfield.html]
[flex-home.botble.com/ar/vi/projects/city/bakersfield.html]
[flex-home.botble.com/en/ar/projects/city/bakersfield.html]
[flex-home.botble.com/vi/ar/projects/city/bakersfield.html]
[flex-home.botble.com/ar/ar/projects/city/bakersfield.html]
[flex-home.botble.com/en/vi/projects/city/anaheim.html]
[flex-home.botble.com/vi/vi/projects/city/anaheim.html]
[flex-home.botble.com/ar/vi/projects/city/anaheim.html]
[flex-home.botble.com/en/ar/projects/city/anaheim.html]
[flex-home.botble.com/vi/ar/projects/city/anaheim.html]
[flex-home.botble.com/ar/ar/projects/city/anaheim.html]
[flex-home.botble.com/en/vi/projects/city/san-francisco.html]
[flex-home.botble.com/vi/vi/projects/city/san-francisco.html]
[flex-home.botble.com/ar/vi/projects/city/san-francisco.html]
[flex-home.botble.com/en/ar/projects/city/san-francisco.html]
[flex-home.botble.com/vi/ar/projects/city/san-francisco.html]
[flex-home.botble.com/ar/ar/projects/city/san-francisco.html]
[flex-home.botble.com/en/ar/about-us.html]
[flex-home.botble.com/vi/ar/about-us.html]
[flex-home.botble.com/ar/ar/about-us.html]
[flex-home.botble.com/storage/properties/23-410x270.jpeg]
[flex-home.botble.com/storage/properties/e5.jpg]
[flex-home.botble.com/storage/properties/b5-1.jpg]
[flex-home.botble.com/en/properties/want-to-lease-a-house-in-compound-pejaten-barat-kemang]
[flex-home.botble.com/storage/properties/a4-2.jpg]
[flex-home.botble.com/ar/properties/villa-for-sale-in-lavanya-residences]
[flex-home.botble.com/storage/properties/7-2.jpg]
[flex-home.botble.com/storage/properties/8-2.jpg]
[flex-home.botble.com/storage/properties/10-1.jpg]
[flex-home.botble.com/storage/properties/11-1.jpg]
[flex-home.botble.com/en/properties/the-avila-apartment]
[flex-home.botble.com/vi/properties/the-avila-apartment]
[flex-home.botble.com/ar/properties/the-avila-apartment]
[flex-home.botble.com/storage/properties/5-2.jpg]
[flex-home.botble.com/storage/properties/9.jpg]
[flex-home.botble.com/en/properties/private-estate-magnificent-views]
[flex-home.botble.com/storage/properties/79.jpg]
[flex-home.botble.com/storage/properties/75.jpg]
[flex-home.botble.com/storage/properties/78.jpg]
